1551718558369	mozrunner::runner	INFO	Running command: "/usr/bin/firefox" "-marionette" "-foreground" "-no-remote" "-profile" "/tmp/rust_mozprofile.29tCxFCFH5Zv"
1551718558870	addons.webextension.screenshots@mozilla.org	WARN	Loading extension 'screenshots@mozilla.org': Reading manifest: Invalid host permission: resource://pdf.js/
1551718558870	addons.webextension.screenshots@mozilla.org	WARN	Loading extension 'screenshots@mozilla.org': Reading manifest: Invalid host permission: about:reader*

(firefox:6171): Gtk-WARNING **: 17:55:59.106: Theme parsing error: <data>:1:34: Expected ')' in color definition

(firefox:6171): Gtk-WARNING **: 17:55:59.106: Theme parsing error: <data>:1:77: Expected ')' in color definition
1551718560247	Marionette	INFO	Listening on port 40903
1551718560281	Marionette	WARN	TLS certificate errors will be ignored for this session
1551718563797	Marionette	INFO	Stopped listening on port 40903
[Parent 6171, Gecko_IOThread] WARNING: pipe error (79): Connexion ré-initialisée par le correspondant: file /build/firefox-HN7tk_/firefox-65.0+build2/ipc/chromium/src/chrome/common/ipc_channel_posix.cc, line 349
[Parent 6171, Gecko_IOThread] WARNING: pipe error (86): Connexion ré-initialisée par le correspondant: file /build/firefox-HN7tk_/firefox-65.0+build2/ipc/chromium/src/chrome/common/ipc_channel_posix.cc, line 349
1551718687272	mozrunner::runner	INFO	Running command: "/usr/bin/firefox" "-marionette" "-foreground" "-no-remote" "-profile" "/tmp/rust_mozprofile.trMrPgrLI0aK"
1551718687616	addons.webextension.screenshots@mozilla.org	WARN	Loading extension 'screenshots@mozilla.org': Reading manifest: Invalid host permission: resource://pdf.js/
1551718687616	addons.webextension.screenshots@mozilla.org	WARN	Loading extension 'screenshots@mozilla.org': Reading manifest: Invalid host permission: about:reader*

(firefox:6555): Gtk-WARNING **: 17:58:07.860: Theme parsing error: <data>:1:34: Expected ')' in color definition

(firefox:6555): Gtk-WARNING **: 17:58:07.860: Theme parsing error: <data>:1:77: Expected ')' in color definition
1551718688852	Marionette	INFO	Listening on port 33019
1551718688887	Marionette	WARN	TLS certificate errors will be ignored for this session
1551718692124	Marionette	INFO	Stopped listening on port 33019
JavaScript error: jar:file:///usr/lib/firefox/omni.ja!/components/nsUrlClassifierListManager.js, line 597: TypeError: this.tablesData[table] is undefined
[Parent 6555, Gecko_IOThread] WARNING: pipe error (78): Connexion ré-initialisée par le correspondant: file /build/firefox-HN7tk_/firefox-65.0+build2/ipc/chromium/src/chrome/common/ipc_channel_posix.cc, line 349
[Parent 6555, Gecko_IOThread] WARNING: pipe error (71): Connexion ré-initialisée par le correspondant: file /build/firefox-HN7tk_/firefox-65.0+build2/ipc/chromium/src/chrome/common/ipc_channel_posix.cc, line 349
1551719482284	mozrunner::runner	INFO	Running command: "/usr/bin/firefox" "-marionette" "-foreground" "-no-remote" "-profile" "/tmp/rust_mozprofile.aVXbutcfPfBI"
1551719482673	addons.webextension.screenshots@mozilla.org	WARN	Loading extension 'screenshots@mozilla.org': Reading manifest: Invalid host permission: resource://pdf.js/
1551719482673	addons.webextension.screenshots@mozilla.org	WARN	Loading extension 'screenshots@mozilla.org': Reading manifest: Invalid host permission: about:reader*

(firefox:7580): Gtk-WARNING **: 18:11:22.894: Theme parsing error: <data>:1:34: Expected ')' in color definition

(firefox:7580): Gtk-WARNING **: 18:11:22.894: Theme parsing error: <data>:1:77: Expected ')' in color definition
1551719483775	Marionette	INFO	Listening on port 41145
1551719483800	Marionette	WARN	TLS certificate errors will be ignored for this session
1551719487563	Marionette	INFO	Stopped listening on port 41145
JavaScript error: jar:file:///usr/lib/firefox/omni.ja!/components/nsUrlClassifierListManager.js, line 597: TypeError: this.tablesData[table] is undefined
[Child 7753, Chrome_ChildThread] WARNING: pipe error (3): Connexion ré-initialisée par le correspondant: file /build/firefox-HN7tk_/firefox-65.0+build2/ipc/chromium/src/chrome/common/ipc_channel_posix.cc, line 349
[Parent 7580, Gecko_IOThread] WARNING: pipe error (78): Connexion ré-initialisée par le correspondant: file /build/firefox-HN7tk_/firefox-65.0+build2/ipc/chromium/src/chrome/common/ipc_channel_posix.cc, line 349
[Parent 7580, Gecko_IOThread] WARNING: pipe error (105): Connexion ré-initialisée par le correspondant: file /build/firefox-HN7tk_/firefox-65.0+build2/ipc/chromium/src/chrome/common/ipc_channel_posix.cc, line 349
